[debug] [2019-07-13T04:20:53.652Z] ----------------------------------------------------------------------
[debug] [2019-07-13T04:20:53.658Z] Command:       C:\Program Files\nodejs\node.exe C:\Users\Jennifer\AppData\Roaming\npm\node_modules\firebase-tools\lib\bin\firebase.js init
[debug] [2019-07-13T04:20:53.658Z] CLI Version:   6.11.0
[debug] [2019-07-13T04:20:53.658Z] Platform:      win32
[debug] [2019-07-13T04:20:53.658Z] Node Version:  v10.15.1
[debug] [2019-07-13T04:20:53.661Z] Time:          Fri Jul 12 2019 23:20:53 GMT-0500 (Central Daylight Time)
[debug] [2019-07-13T04:20:53.661Z] ----------------------------------------------------------------------
[debug] 
[debug] [2019-07-13T04:20:53.680Z] > command requires scopes: ["email","openid","https://www.googleapis.com/auth/cloudplatformprojects.readonly","https://www.googleapis.com/auth/firebase","https://www.googleapis.com/auth/cloud-platform"]
[debug] [2019-07-13T04:20:53.682Z] > authorizing via signed-in user
[info] 
     ######## #### ########  ######## ########     ###     ######  ########
     ##        ##  ##     ## ##       ##     ##  ##   ##  ##       ##
     ######    ##  ########  ######   ########  #########  ######  ######
     ##        ##  ##    ##  ##       ##     ## ##     ##       ## ##
     ##       #### ##     ## ######## ########  ##     ##  ######  ########

You're about to initialize a Firebase project in this directory:

  C:\Users\Jennifer\workspace\projects\personal\personal-bio-site

[info] 
=== Project Setup
[info] 
[info] First, let's associate this project directory with a Firebase project.
[info] You can create multiple project aliases by running firebase use --add, 
[info] but for now we'll just set up a default project.
[info] 
[debug] [2019-07-13T04:21:35.473Z] > refreshing access token with scopes: ["email","https://www.googleapis.com/auth/cloud-platform","https://www.googleapis.com/auth/cloudplatformprojects.readonly","https://www.googleapis.com/auth/firebase","openid"]
[debug] [2019-07-13T04:21:35.478Z] >>> HTTP REQUEST POST https://www.googleapis.com/oauth2/v3/token  
 <request body omitted>
[debug] [2019-07-13T04:21:35.880Z] <<< HTTP RESPONSE 200
[debug] [2019-07-13T04:21:35.955Z] >>> HTTP REQUEST GET https://firebase.googleapis.com/v1beta1/projects?page_size=100  
 
[debug] [2019-07-13T04:21:36.536Z] <<< HTTP RESPONSE 200
[info] i  Using project movies-3ec07 (movies)
[info] 
=== Firestore Setup
[debug] [2019-07-13T04:22:19.322Z] > command requires scopes: ["email","openid","https://www.googleapis.com/auth/cloudplatformprojects.readonly","https://www.googleapis.com/auth/firebase","https://www.googleapis.com/auth/cloud-platform"]
[debug] [2019-07-13T04:22:19.324Z] > authorizing via signed-in user
[debug] [2019-07-13T04:22:19.325Z] >>> HTTP REQUEST GET https://firebase.googleapis.com/v1beta1/projects/movies-3ec07  
 
[debug] [2019-07-13T04:22:19.570Z] <<< HTTP RESPONSE 200
[info] 
[info] Firestore Security Rules allow you to define how and when to allow
[info] requests. You can keep these rules in your project directory
[info] and publish them with firebase deploy.
[info] 
[debug] [2019-07-13T04:25:40.607Z] ----------------------------------------------------------------------
[debug] [2019-07-13T04:25:40.613Z] Command:       C:\Program Files\nodejs\node.exe C:\Users\Jennifer\AppData\Roaming\npm\node_modules\firebase-tools\lib\bin\firebase.js init
[debug] [2019-07-13T04:25:40.614Z] CLI Version:   6.11.0
[debug] [2019-07-13T04:25:40.614Z] Platform:      win32
[debug] [2019-07-13T04:25:40.614Z] Node Version:  v10.15.1
[debug] [2019-07-13T04:25:40.616Z] Time:          Fri Jul 12 2019 23:25:40 GMT-0500 (Central Daylight Time)
[debug] [2019-07-13T04:25:40.617Z] ----------------------------------------------------------------------
[debug] 
[debug] [2019-07-13T04:25:40.637Z] > command requires scopes: ["email","openid","https://www.googleapis.com/auth/cloudplatformprojects.readonly","https://www.googleapis.com/auth/firebase","https://www.googleapis.com/auth/cloud-platform"]
[debug] [2019-07-13T04:25:40.640Z] > authorizing via signed-in user
[info] 
     ######## #### ########  ######## ########     ###     ######  ########
     ##        ##  ##     ## ##       ##     ##  ##   ##  ##       ##
     ######    ##  ########  ######   ########  #########  ######  ######
     ##        ##  ##    ##  ##       ##     ## ##     ##       ## ##
     ##       #### ##     ## ######## ########  ##     ##  ######  ########

You're about to initialize a Firebase project in this directory:

  C:\Users\Jennifer\workspace\projects\personal\personal-bio-site

[info] 
=== Project Setup
[info] 
[info] First, let's associate this project directory with a Firebase project.
[info] You can create multiple project aliases by running firebase use --add, 
[info] but for now we'll just set up a default project.
[info] 
[debug] [2019-07-13T04:26:37.171Z] >>> HTTP REQUEST GET https://firebase.googleapis.com/v1beta1/projects?page_size=100  
 
[debug] [2019-07-13T04:26:37.659Z] <<< HTTP RESPONSE 200
